2011-02-06 06:36:36.038 Info     /home/tom/.cpan/lib/perl5/EntityModel/Storage/Perl.pm:95 article has 1 unsatisfied deps, postponing: author
2011-02-06 06:36:36.044 Info     /home/tom/.cpan/lib/perl5/EntityModel/Storage/Perl.pm:95 article_tag has 1 unsatisfied deps, postponing: article
2011-02-06 06:36:36.121 Info     /home/tom/.cpan/lib/perl5/EntityModel/Support.pm:67 article has 1 unsatisfied deps, postponing: author
2011-02-06 06:36:36.122 Info     /home/tom/.cpan/lib/perl5/EntityModel/Support/Perl.pm:269 Load package for [Entity::Author]
2011-02-06 06:36:36.122 Info     /home/tom/.cpan/lib/perl5/EntityModel/Support/Perl.pm:279 Failed: [Can't locate Entity/Author.pm in @INC (@INC contains: /home/tom/.cpan /home/tom/.cpan/lib /home/tom/.cpan/lib/perl5/5.10.1/x86_64-linux-gnu-thread-multi /home/tom/.cpan/lib/perl5/5.10.1 /home/tom/.cpan/lib/perl5/x86_64-linux-gnu-thread-multi /home/tom/.cpan/lib/perl5 /home/tom/.cpan/lib/perl5/site_perl/5.10.1/x86_64-linux-gnu-thread-multi /home/tom/.cpan/lib/perl5/site_perl/5.10.1 /home/tom/.cpan/lib/perl5/site_perl /home/tom/.cpan/lib/perl5/5.10.0/i486-linux-gnu-thread-multi /home/tom/.cpan /home/tom/.cpan/lib /home/tom/.cpan/lib/perl5/5.10.1/x86_64-linux-gnu-thread-multi /home/tom/.cpan/lib/perl5/5.10.1 /home/tom/.cpan/lib/perl5/x86_64-linux-gnu-thread-multi /home/tom/.cpan/lib/perl5 /home/tom/.cpan/lib/perl5/site_perl/5.10.1/x86_64-linux-gnu-thread-multi /home/tom/.cpan/lib/perl5/site_perl/5.10.1 /home/tom/.cpan/lib/perl5/site_perl /home/tom/.cpan/lib/perl5/5.10.0/i486-linux-gnu-thread-multi /etc/perl /usr/local/lib/perl/5.10.1 /usr/local/share/perl/5.10.1 /usr/lib/perl5 /usr/share/perl5 /usr/lib/perl/5.10 /usr/share/perl/5.10 /usr/local/lib/site_perl .) at /home/tom/.cpan/lib/perl5/Module/Load.pm line 27.
Can't locate Entity/Author in @INC (@INC contains: /home/tom/.cpan /home/tom/.cpan/lib /home/tom/.cpan/lib/perl5/5.10.1/x86_64-linux-gnu-thread-multi /home/tom/.cpan/lib/perl5/5.10.1 /home/tom/.cpan/lib/perl5/x86_64-linux-gnu-thread-multi /home/tom/.cpan/lib/perl5 /home/tom/.cpan/lib/perl5/site_perl/5.10.1/x86_64-linux-gnu-thread-multi /home/tom/.cpan/lib/perl5/site_perl/5.10.1 /home/tom/.cpan/lib/perl5/site_perl /home/tom/.cpan/lib/perl5/5.10.0/i486-linux-gnu-thread-multi /home/tom/.cpan /home/tom/.cpan/lib /home/tom/.cpan/lib/perl5/5.10.1/x86_64-linux-gnu-thread-multi /home/tom/.cpan/lib/perl5/5.10.1 /home/tom/.cpan/lib/perl5/x86_64-linux-gnu-thread-multi /home/tom/.cpan/lib/perl5 /home/tom/.cpan/lib/perl5/site_perl/5.10.1/x86_64-linux-gnu-thread-multi /home/tom/.cpan/lib/perl5/site_perl/5.10.1 /home/tom/.cpan/lib/perl5/site_perl /home/tom/.cpan/lib/perl5/5.10.0/i486-linux-gnu-thread-multi /etc/perl /usr/local/lib/perl/5.10.1 /usr/local/share/perl/5.10.1 /usr/lib/perl5 /usr/share/perl5 /usr/lib/perl/5.10 /usr/share/perl/5.10 /usr/local/lib/site_perl .) at /home/tom/.cpan/lib/perl5/Module/Load.pm line 27.
]
2011-02-06 06:36:36.122 Info     /home/tom/.cpan/lib/perl5/EntityModel/Support/Perl.pm:269 Load package for [Entity::Tag]
2011-02-06 06:36:36.123 Info     /home/tom/.cpan/lib/perl5/EntityModel/Support/Perl.pm:279 Failed: [Can't locate Entity/Tag.pm in @INC (@INC contains: /home/tom/.cpan /home/tom/.cpan/lib /home/tom/.cpan/lib/perl5/5.10.1/x86_64-linux-gnu-thread-multi /home/tom/.cpan/lib/perl5/5.10.1 /home/tom/.cpan/lib/perl5/x86_64-linux-gnu-thread-multi /home/tom/.cpan/lib/perl5 /home/tom/.cpan/lib/perl5/site_perl/5.10.1/x86_64-linux-gnu-thread-multi /home/tom/.cpan/lib/perl5/site_perl/5.10.1 /home/tom/.cpan/lib/perl5/site_perl /home/tom/.cpan/lib/perl5/5.10.0/i486-linux-gnu-thread-multi /home/tom/.cpan /home/tom/.cpan/lib /home/tom/.cpan/lib/perl5/5.10.1/x86_64-linux-gnu-thread-multi /home/tom/.cpan/lib/perl5/5.10.1 /home/tom/.cpan/lib/perl5/x86_64-linux-gnu-thread-multi /home/tom/.cpan/lib/perl5 /home/tom/.cpan/lib/perl5/site_perl/5.10.1/x86_64-linux-gnu-thread-multi /home/tom/.cpan/lib/perl5/site_perl/5.10.1 /home/tom/.cpan/lib/perl5/site_perl /home/tom/.cpan/lib/perl5/5.10.0/i486-linux-gnu-thread-multi /etc/perl /usr/local/lib/perl/5.10.1 /usr/local/share/perl/5.10.1 /usr/lib/perl5 /usr/share/perl5 /usr/lib/perl/5.10 /usr/share/perl/5.10 /usr/local/lib/site_perl .) at /home/tom/.cpan/lib/perl5/Module/Load.pm line 27.
Can't locate Entity/Tag in @INC (@INC contains: /home/tom/.cpan /home/tom/.cpan/lib /home/tom/.cpan/lib/perl5/5.10.1/x86_64-linux-gnu-thread-multi /home/tom/.cpan/lib/perl5/5.10.1 /home/tom/.cpan/lib/perl5/x86_64-linux-gnu-thread-multi /home/tom/.cpan/lib/perl5 /home/tom/.cpan/lib/perl5/site_perl/5.10.1/x86_64-linux-gnu-thread-multi /home/tom/.cpan/lib/perl5/site_perl/5.10.1 /home/tom/.cpan/lib/perl5/site_perl /home/tom/.cpan/lib/perl5/5.10.0/i486-linux-gnu-thread-multi /home/tom/.cpan /home/tom/.cpan/lib /home/tom/.cpan/lib/perl5/5.10.1/x86_64-linux-gnu-thread-multi /home/tom/.cpan/lib/perl5/5.10.1 /home/tom/.cpan/lib/perl5/x86_64-linux-gnu-thread-multi /home/tom/.cpan/lib/perl5 /home/tom/.cpan/lib/perl5/site_perl/5.10.1/x86_64-linux-gnu-thread-multi /home/tom/.cpan/lib/perl5/site_perl/5.10.1 /home/tom/.cpan/lib/perl5/site_perl /home/tom/.cpan/lib/perl5/5.10.0/i486-linux-gnu-thread-multi /etc/perl /usr/local/lib/perl/5.10.1 /usr/local/share/perl/5.10.1 /usr/lib/perl5 /usr/share/perl5 /usr/lib/perl/5.10 /usr/share/perl/5.10 /usr/local/lib/site_perl .) at /home/tom/.cpan/lib/perl5/Module/Load.pm line 27.
]
2011-02-06 06:36:36.123 Info     /home/tom/.cpan/lib/perl5/EntityModel/Support.pm:67 article_tag has 1 unsatisfied deps, postponing: article
2011-02-06 06:36:36.123 Info     /home/tom/.cpan/lib/perl5/EntityModel/Support/Perl.pm:269 Load package for [Entity::Article]
2011-02-06 06:36:36.123 Info     /home/tom/.cpan/lib/perl5/EntityModel/Support/Perl.pm:279 Failed: [Can't locate Entity/Article.pm in @INC (@INC contains: /home/tom/.cpan /home/tom/.cpan/lib /home/tom/.cpan/lib/perl5/5.10.1/x86_64-linux-gnu-thread-multi /home/tom/.cpan/lib/perl5/5.10.1 /home/tom/.cpan/lib/perl5/x86_64-linux-gnu-thread-multi /home/tom/.cpan/lib/perl5 /home/tom/.cpan/lib/perl5/site_perl/5.10.1/x86_64-linux-gnu-thread-multi /home/tom/.cpan/lib/perl5/site_perl/5.10.1 /home/tom/.cpan/lib/perl5/site_perl /home/tom/.cpan/lib/perl5/5.10.0/i486-linux-gnu-thread-multi /home/tom/.cpan /home/tom/.cpan/lib /home/tom/.cpan/lib/perl5/5.10.1/x86_64-linux-gnu-thread-multi /home/tom/.cpan/lib/perl5/5.10.1 /home/tom/.cpan/lib/perl5/x86_64-linux-gnu-thread-multi /home/tom/.cpan/lib/perl5 /home/tom/.cpan/lib/perl5/site_perl/5.10.1/x86_64-linux-gnu-thread-multi /home/tom/.cpan/lib/perl5/site_perl/5.10.1 /home/tom/.cpan/lib/perl5/site_perl /home/tom/.cpan/lib/perl5/5.10.0/i486-linux-gnu-thread-multi /etc/perl /usr/local/lib/perl/5.10.1 /usr/local/share/perl/5.10.1 /usr/lib/perl5 /usr/share/perl5 /usr/lib/perl/5.10 /usr/share/perl/5.10 /usr/local/lib/site_perl .) at /home/tom/.cpan/lib/perl5/Module/Load.pm line 27.
Can't locate Entity/Article in @INC (@INC contains: /home/tom/.cpan /home/tom/.cpan/lib /home/tom/.cpan/lib/perl5/5.10.1/x86_64-linux-gnu-thread-multi /home/tom/.cpan/lib/perl5/5.10.1 /home/tom/.cpan/lib/perl5/x86_64-linux-gnu-thread-multi /home/tom/.cpan/lib/perl5 /home/tom/.cpan/lib/perl5/site_perl/5.10.1/x86_64-linux-gnu-thread-multi /home/tom/.cpan/lib/perl5/site_perl/5.10.1 /home/tom/.cpan/lib/perl5/site_perl /home/tom/.cpan/lib/perl5/5.10.0/i486-linux-gnu-thread-multi /home/tom/.cpan /home/tom/.cpan/lib /home/tom/.cpan/lib/perl5/5.10.1/x86_64-linux-gnu-thread-multi /home/tom/.cpan/lib/perl5/5.10.1 /home/tom/.cpan/lib/perl5/x86_64-linux-gnu-thread-multi /home/tom/.cpan/lib/perl5 /home/tom/.cpan/lib/perl5/site_perl/5.10.1/x86_64-linux-gnu-thread-multi /home/tom/.cpan/lib/perl5/site_perl/5.10.1 /home/tom/.cpan/lib/perl5/site_perl /home/tom/.cpan/lib/perl5/5.10.0/i486-linux-gnu-thread-multi /etc/perl /usr/local/lib/perl/5.10.1 /usr/local/share/perl/5.10.1 /usr/lib/perl5 /usr/share/perl5 /usr/lib/perl/5.10 /usr/share/perl/5.10 /usr/local/lib/site_perl .) at /home/tom/.cpan/lib/perl5/Module/Load.pm line 27.
]
2011-02-06 06:36:36.124 Info     /home/tom/.cpan/lib/perl5/EntityModel/Support/Perl.pm:269 Load package for [Entity::Article::Tag]
2011-02-06 06:36:36.124 Info     /home/tom/.cpan/lib/perl5/EntityModel/Support/Perl.pm:279 Failed: [Can't locate Entity/Article/Tag.pm in @INC (@INC contains: /home/tom/.cpan /home/tom/.cpan/lib /home/tom/.cpan/lib/perl5/5.10.1/x86_64-linux-gnu-thread-multi /home/tom/.cpan/lib/perl5/5.10.1 /home/tom/.cpan/lib/perl5/x86_64-linux-gnu-thread-multi /home/tom/.cpan/lib/perl5 /home/tom/.cpan/lib/perl5/site_perl/5.10.1/x86_64-linux-gnu-thread-multi /home/tom/.cpan/lib/perl5/site_perl/5.10.1 /home/tom/.cpan/lib/perl5/site_perl /home/tom/.cpan/lib/perl5/5.10.0/i486-linux-gnu-thread-multi /home/tom/.cpan /home/tom/.cpan/lib /home/tom/.cpan/lib/perl5/5.10.1/x86_64-linux-gnu-thread-multi /home/tom/.cpan/lib/perl5/5.10.1 /home/tom/.cpan/lib/perl5/x86_64-linux-gnu-thread-multi /home/tom/.cpan/lib/perl5 /home/tom/.cpan/lib/perl5/site_perl/5.10.1/x86_64-linux-gnu-thread-multi /home/tom/.cpan/lib/perl5/site_perl/5.10.1 /home/tom/.cpan/lib/perl5/site_perl /home/tom/.cpan/lib/perl5/5.10.0/i486-linux-gnu-thread-multi /etc/perl /usr/local/lib/perl/5.10.1 /usr/local/share/perl/5.10.1 /usr/lib/perl5 /usr/share/perl5 /usr/lib/perl/5.10 /usr/share/perl/5.10 /usr/local/lib/site_perl .) at /home/tom/.cpan/lib/perl5/Module/Load.pm line 27.
Can't locate Entity/Article/Tag in @INC (@INC contains: /home/tom/.cpan /home/tom/.cpan/lib /home/tom/.cpan/lib/perl5/5.10.1/x86_64-linux-gnu-thread-multi /home/tom/.cpan/lib/perl5/5.10.1 /home/tom/.cpan/lib/perl5/x86_64-linux-gnu-thread-multi /home/tom/.cpan/lib/perl5 /home/tom/.cpan/lib/perl5/site_perl/5.10.1/x86_64-linux-gnu-thread-multi /home/tom/.cpan/lib/perl5/site_perl/5.10.1 /home/tom/.cpan/lib/perl5/site_perl /home/tom/.cpan/lib/perl5/5.10.0/i486-linux-gnu-thread-multi /home/tom/.cpan /home/tom/.cpan/lib /home/tom/.cpan/lib/perl5/5.10.1/x86_64-linux-gnu-thread-multi /home/tom/.cpan/lib/perl5/5.10.1 /home/tom/.cpan/lib/perl5/x86_64-linux-gnu-thread-multi /home/tom/.cpan/lib/perl5 /home/tom/.cpan/lib/perl5/site_perl/5.10.1/x86_64-linux-gnu-thread-multi /home/tom/.cpan/lib/perl5/site_perl/5.10.1 /home/tom/.cpan/lib/perl5/site_perl /home/tom/.cpan/lib/perl5/5.10.0/i486-linux-gnu-thread-multi /etc/perl /usr/local/lib/perl/5.10.1 /usr/local/share/perl/5.10.1 /usr/lib/perl5 /usr/share/perl5 /usr/lib/perl/5.10 /usr/share/perl/5.10 /usr/local/lib/site_perl .) at /home/tom/.cpan/lib/perl5/Module/Load.pm line 27.
]
2011-02-06 06:36:36.145 ERROR    /home/tom/.cpan/lib/perl5/EntityModel/Support/Perl/Base.pm:322 {
  _callback => {},
  email => "author\@example.com",
  idauthor => 1,
  name => "Author name",
}
2011-02-06 06:36:36.147 ERROR    /home/tom/.cpan/lib/perl5/EntityModel/Support/Perl/Base.pm:322 {
  _callback => {},
  email => "author\@example.com",
  idauthor => 1,
  name => "Author name",
}
2011-02-06 06:36:36.149 ERROR    /home/tom/.cpan/lib/perl5/EntityModel/Support/Perl/Base.pm:322 {
  _callback => {},
  content   => "Some content would be here",
  idarticle => 1,
  idauthor  => 1,
  title     => "Article title",
}
2011-02-06 06:36:36.179 ERROR    /home/tom/.cpan/lib/perl5/EntityModel/Support/Perl/Base.pm:322 {
  _callback => {},
  content   => "Some content would be here",
  idarticle => 1,
  idauthor  => 1,
  title     => "Article title",
}
2011-02-06 06:36:38.499 Info     lib/EntityModel/Storage/Perl.pm:88 article has 1 unsatisfied deps, postponing: author
2011-02-06 06:36:38.505 Info     lib/EntityModel/Storage/Perl.pm:88 article_tag has 1 unsatisfied deps, postponing: article
2011-02-06 06:36:38.581 Info     lib/EntityModel/Support.pm:60 article has 1 unsatisfied deps, postponing: author
2011-02-06 06:36:38.581 Info     lib/EntityModel/Support/Perl.pm:262 Load package for [Entity::Author]
2011-02-06 06:36:38.581 Info     lib/EntityModel/Support/Perl.pm:272 Failed: [Can't locate Entity/Author.pm in @INC (@INC contains: lib /home/tom/.cpan /home/tom/.cpan/lib /home/tom/.cpan/lib/perl5/5.10.1/x86_64-linux-gnu-thread-multi /home/tom/.cpan/lib/perl5/5.10.1 /home/tom/.cpan/lib/perl5/x86_64-linux-gnu-thread-multi /home/tom/.cpan/lib/perl5 /home/tom/.cpan/lib/perl5/site_perl/5.10.1/x86_64-linux-gnu-thread-multi /home/tom/.cpan/lib/perl5/site_perl/5.10.1 /home/tom/.cpan/lib/perl5/site_perl /home/tom/.cpan/lib/perl5/5.10.0/i486-linux-gnu-thread-multi /home/tom/.cpan /home/tom/.cpan/lib /home/tom/.cpan/lib/perl5/5.10.1/x86_64-linux-gnu-thread-multi /home/tom/.cpan/lib/perl5/5.10.1 /home/tom/.cpan/lib/perl5/x86_64-linux-gnu-thread-multi /home/tom/.cpan/lib/perl5 /home/tom/.cpan/lib/perl5/site_perl/5.10.1/x86_64-linux-gnu-thread-multi /home/tom/.cpan/lib/perl5/site_perl/5.10.1 /home/tom/.cpan/lib/perl5/site_perl /home/tom/.cpan/lib/perl5/5.10.0/i486-linux-gnu-thread-multi /etc/perl /usr/local/lib/perl/5.10.1 /usr/local/share/perl/5.10.1 /usr/lib/perl5 /usr/share/perl5 /usr/lib/perl/5.10 /usr/share/perl/5.10 /usr/local/lib/site_perl .) at /home/tom/.cpan/lib/perl5/Module/Load.pm line 27.
Can't locate Entity/Author in @INC (@INC contains: lib /home/tom/.cpan /home/tom/.cpan/lib /home/tom/.cpan/lib/perl5/5.10.1/x86_64-linux-gnu-thread-multi /home/tom/.cpan/lib/perl5/5.10.1 /home/tom/.cpan/lib/perl5/x86_64-linux-gnu-thread-multi /home/tom/.cpan/lib/perl5 /home/tom/.cpan/lib/perl5/site_perl/5.10.1/x86_64-linux-gnu-thread-multi /home/tom/.cpan/lib/perl5/site_perl/5.10.1 /home/tom/.cpan/lib/perl5/site_perl /home/tom/.cpan/lib/perl5/5.10.0/i486-linux-gnu-thread-multi /home/tom/.cpan /home/tom/.cpan/lib /home/tom/.cpan/lib/perl5/5.10.1/x86_64-linux-gnu-thread-multi /home/tom/.cpan/lib/perl5/5.10.1 /home/tom/.cpan/lib/perl5/x86_64-linux-gnu-thread-multi /home/tom/.cpan/lib/perl5 /home/tom/.cpan/lib/perl5/site_perl/5.10.1/x86_64-linux-gnu-thread-multi /home/tom/.cpan/lib/perl5/site_perl/5.10.1 /home/tom/.cpan/lib/perl5/site_perl /home/tom/.cpan/lib/perl5/5.10.0/i486-linux-gnu-thread-multi /etc/perl /usr/local/lib/perl/5.10.1 /usr/local/share/perl/5.10.1 /usr/lib/perl5 /usr/share/perl5 /usr/lib/perl/5.10 /usr/share/perl/5.10 /usr/local/lib/site_perl .) at /home/tom/.cpan/lib/perl5/Module/Load.pm line 27.
]
2011-02-06 06:36:38.582 Info     lib/EntityModel/Support/Perl.pm:262 Load package for [Entity::Tag]
2011-02-06 06:36:38.582 Info     lib/EntityModel/Support/Perl.pm:272 Failed: [Can't locate Entity/Tag.pm in @INC (@INC contains: lib /home/tom/.cpan /home/tom/.cpan/lib /home/tom/.cpan/lib/perl5/5.10.1/x86_64-linux-gnu-thread-multi /home/tom/.cpan/lib/perl5/5.10.1 /home/tom/.cpan/lib/perl5/x86_64-linux-gnu-thread-multi /home/tom/.cpan/lib/perl5 /home/tom/.cpan/lib/perl5/site_perl/5.10.1/x86_64-linux-gnu-thread-multi /home/tom/.cpan/lib/perl5/site_perl/5.10.1 /home/tom/.cpan/lib/perl5/site_perl /home/tom/.cpan/lib/perl5/5.10.0/i486-linux-gnu-thread-multi /home/tom/.cpan /home/tom/.cpan/lib /home/tom/.cpan/lib/perl5/5.10.1/x86_64-linux-gnu-thread-multi /home/tom/.cpan/lib/perl5/5.10.1 /home/tom/.cpan/lib/perl5/x86_64-linux-gnu-thread-multi /home/tom/.cpan/lib/perl5 /home/tom/.cpan/lib/perl5/site_perl/5.10.1/x86_64-linux-gnu-thread-multi /home/tom/.cpan/lib/perl5/site_perl/5.10.1 /home/tom/.cpan/lib/perl5/site_perl /home/tom/.cpan/lib/perl5/5.10.0/i486-linux-gnu-thread-multi /etc/perl /usr/local/lib/perl/5.10.1 /usr/local/share/perl/5.10.1 /usr/lib/perl5 /usr/share/perl5 /usr/lib/perl/5.10 /usr/share/perl/5.10 /usr/local/lib/site_perl .) at /home/tom/.cpan/lib/perl5/Module/Load.pm line 27.
Can't locate Entity/Tag in @INC (@INC contains: lib /home/tom/.cpan /home/tom/.cpan/lib /home/tom/.cpan/lib/perl5/5.10.1/x86_64-linux-gnu-thread-multi /home/tom/.cpan/lib/perl5/5.10.1 /home/tom/.cpan/lib/perl5/x86_64-linux-gnu-thread-multi /home/tom/.cpan/lib/perl5 /home/tom/.cpan/lib/perl5/site_perl/5.10.1/x86_64-linux-gnu-thread-multi /home/tom/.cpan/lib/perl5/site_perl/5.10.1 /home/tom/.cpan/lib/perl5/site_perl /home/tom/.cpan/lib/perl5/5.10.0/i486-linux-gnu-thread-multi /home/tom/.cpan /home/tom/.cpan/lib /home/tom/.cpan/lib/perl5/5.10.1/x86_64-linux-gnu-thread-multi /home/tom/.cpan/lib/perl5/5.10.1 /home/tom/.cpan/lib/perl5/x86_64-linux-gnu-thread-multi /home/tom/.cpan/lib/perl5 /home/tom/.cpan/lib/perl5/site_perl/5.10.1/x86_64-linux-gnu-thread-multi /home/tom/.cpan/lib/perl5/site_perl/5.10.1 /home/tom/.cpan/lib/perl5/site_perl /home/tom/.cpan/lib/perl5/5.10.0/i486-linux-gnu-thread-multi /etc/perl /usr/local/lib/perl/5.10.1 /usr/local/share/perl/5.10.1 /usr/lib/perl5 /usr/share/perl5 /usr/lib/perl/5.10 /usr/share/perl/5.10 /usr/local/lib/site_perl .) at /home/tom/.cpan/lib/perl5/Module/Load.pm line 27.
]
2011-02-06 06:36:38.582 Info     lib/EntityModel/Support.pm:60 article_tag has 1 unsatisfied deps, postponing: article
2011-02-06 06:36:38.583 Info     lib/EntityModel/Support/Perl.pm:262 Load package for [Entity::Article]
2011-02-06 06:36:38.583 Info     lib/EntityModel/Support/Perl.pm:272 Failed: [Can't locate Entity/Article.pm in @INC (@INC contains: lib /home/tom/.cpan /home/tom/.cpan/lib /home/tom/.cpan/lib/perl5/5.10.1/x86_64-linux-gnu-thread-multi /home/tom/.cpan/lib/perl5/5.10.1 /home/tom/.cpan/lib/perl5/x86_64-linux-gnu-thread-multi /home/tom/.cpan/lib/perl5 /home/tom/.cpan/lib/perl5/site_perl/5.10.1/x86_64-linux-gnu-thread-multi /home/tom/.cpan/lib/perl5/site_perl/5.10.1 /home/tom/.cpan/lib/perl5/site_perl /home/tom/.cpan/lib/perl5/5.10.0/i486-linux-gnu-thread-multi /home/tom/.cpan /home/tom/.cpan/lib /home/tom/.cpan/lib/perl5/5.10.1/x86_64-linux-gnu-thread-multi /home/tom/.cpan/lib/perl5/5.10.1 /home/tom/.cpan/lib/perl5/x86_64-linux-gnu-thread-multi /home/tom/.cpan/lib/perl5 /home/tom/.cpan/lib/perl5/site_perl/5.10.1/x86_64-linux-gnu-thread-multi /home/tom/.cpan/lib/perl5/site_perl/5.10.1 /home/tom/.cpan/lib/perl5/site_perl /home/tom/.cpan/lib/perl5/5.10.0/i486-linux-gnu-thread-multi /etc/perl /usr/local/lib/perl/5.10.1 /usr/local/share/perl/5.10.1 /usr/lib/perl5 /usr/share/perl5 /usr/lib/perl/5.10 /usr/share/perl/5.10 /usr/local/lib/site_perl .) at /home/tom/.cpan/lib/perl5/Module/Load.pm line 27.
Can't locate Entity/Article in @INC (@INC contains: lib /home/tom/.cpan /home/tom/.cpan/lib /home/tom/.cpan/lib/perl5/5.10.1/x86_64-linux-gnu-thread-multi /home/tom/.cpan/lib/perl5/5.10.1 /home/tom/.cpan/lib/perl5/x86_64-linux-gnu-thread-multi /home/tom/.cpan/lib/perl5 /home/tom/.cpan/lib/perl5/site_perl/5.10.1/x86_64-linux-gnu-thread-multi /home/tom/.cpan/lib/perl5/site_perl/5.10.1 /home/tom/.cpan/lib/perl5/site_perl /home/tom/.cpan/lib/perl5/5.10.0/i486-linux-gnu-thread-multi /home/tom/.cpan /home/tom/.cpan/lib /home/tom/.cpan/lib/perl5/5.10.1/x86_64-linux-gnu-thread-multi /home/tom/.cpan/lib/perl5/5.10.1 /home/tom/.cpan/lib/perl5/x86_64-linux-gnu-thread-multi /home/tom/.cpan/lib/perl5 /home/tom/.cpan/lib/perl5/site_perl/5.10.1/x86_64-linux-gnu-thread-multi /home/tom/.cpan/lib/perl5/site_perl/5.10.1 /home/tom/.cpan/lib/perl5/site_perl /home/tom/.cpan/lib/perl5/5.10.0/i486-linux-gnu-thread-multi /etc/perl /usr/local/lib/perl/5.10.1 /usr/local/share/perl/5.10.1 /usr/lib/perl5 /usr/share/perl5 /usr/lib/perl/5.10 /usr/share/perl/5.10 /usr/local/lib/site_perl .) at /home/tom/.cpan/lib/perl5/Module/Load.pm line 27.
]
2011-02-06 06:36:38.583 Info     lib/EntityModel/Support/Perl.pm:262 Load package for [Entity::Article::Tag]
2011-02-06 06:36:38.584 Info     lib/EntityModel/Support/Perl.pm:272 Failed: [Can't locate Entity/Article/Tag.pm in @INC (@INC contains: lib /home/tom/.cpan /home/tom/.cpan/lib /home/tom/.cpan/lib/perl5/5.10.1/x86_64-linux-gnu-thread-multi /home/tom/.cpan/lib/perl5/5.10.1 /home/tom/.cpan/lib/perl5/x86_64-linux-gnu-thread-multi /home/tom/.cpan/lib/perl5 /home/tom/.cpan/lib/perl5/site_perl/5.10.1/x86_64-linux-gnu-thread-multi /home/tom/.cpan/lib/perl5/site_perl/5.10.1 /home/tom/.cpan/lib/perl5/site_perl /home/tom/.cpan/lib/perl5/5.10.0/i486-linux-gnu-thread-multi /home/tom/.cpan /home/tom/.cpan/lib /home/tom/.cpan/lib/perl5/5.10.1/x86_64-linux-gnu-thread-multi /home/tom/.cpan/lib/perl5/5.10.1 /home/tom/.cpan/lib/perl5/x86_64-linux-gnu-thread-multi /home/tom/.cpan/lib/perl5 /home/tom/.cpan/lib/perl5/site_perl/5.10.1/x86_64-linux-gnu-thread-multi /home/tom/.cpan/lib/perl5/site_perl/5.10.1 /home/tom/.cpan/lib/perl5/site_perl /home/tom/.cpan/lib/perl5/5.10.0/i486-linux-gnu-thread-multi /etc/perl /usr/local/lib/perl/5.10.1 /usr/local/share/perl/5.10.1 /usr/lib/perl5 /usr/share/perl5 /usr/lib/perl/5.10 /usr/share/perl/5.10 /usr/local/lib/site_perl .) at /home/tom/.cpan/lib/perl5/Module/Load.pm line 27.
Can't locate Entity/Article/Tag in @INC (@INC contains: lib /home/tom/.cpan /home/tom/.cpan/lib /home/tom/.cpan/lib/perl5/5.10.1/x86_64-linux-gnu-thread-multi /home/tom/.cpan/lib/perl5/5.10.1 /home/tom/.cpan/lib/perl5/x86_64-linux-gnu-thread-multi /home/tom/.cpan/lib/perl5 /home/tom/.cpan/lib/perl5/site_perl/5.10.1/x86_64-linux-gnu-thread-multi /home/tom/.cpan/lib/perl5/site_perl/5.10.1 /home/tom/.cpan/lib/perl5/site_perl /home/tom/.cpan/lib/perl5/5.10.0/i486-linux-gnu-thread-multi /home/tom/.cpan /home/tom/.cpan/lib /home/tom/.cpan/lib/perl5/5.10.1/x86_64-linux-gnu-thread-multi /home/tom/.cpan/lib/perl5/5.10.1 /home/tom/.cpan/lib/perl5/x86_64-linux-gnu-thread-multi /home/tom/.cpan/lib/perl5 /home/tom/.cpan/lib/perl5/site_perl/5.10.1/x86_64-linux-gnu-thread-multi /home/tom/.cpan/lib/perl5/site_perl/5.10.1 /home/tom/.cpan/lib/perl5/site_perl /home/tom/.cpan/lib/perl5/5.10.0/i486-linux-gnu-thread-multi /etc/perl /usr/local/lib/perl/5.10.1 /usr/local/share/perl/5.10.1 /usr/lib/perl5 /usr/share/perl5 /usr/lib/perl/5.10 /usr/share/perl/5.10 /usr/local/lib/site_perl .) at /home/tom/.cpan/lib/perl5/Module/Load.pm line 27.
]
2011-02-06 06:36:38.604 ERROR    lib/EntityModel/Support/Perl/Base.pm:315 {
  _callback => {},
  email => "author\@example.com",
  idauthor => 1,
  name => "Author name",
}
2011-02-06 06:36:38.606 ERROR    lib/EntityModel/Support/Perl/Base.pm:315 {
  _callback => {},
  email => "author\@example.com",
  idauthor => 1,
  name => "Author name",
}
2011-02-06 06:36:38.608 ERROR    lib/EntityModel/Support/Perl/Base.pm:315 {
  _callback => {},
  content   => "Some content would be here",
  idarticle => 1,
  idauthor  => 1,
  title     => "Article title",
}
2011-02-06 06:36:38.639 ERROR    lib/EntityModel/Support/Perl/Base.pm:315 {
  _callback => {},
  content   => "Some content would be here",
  idarticle => 1,
  idauthor  => 1,
  title     => "Article title",
}
2011-02-06 06:37:29.653 Info     lib/EntityModel/Storage/Perl.pm:88 article has 1 unsatisfied deps, postponing: author
2011-02-06 06:37:29.659 Info     lib/EntityModel/Storage/Perl.pm:88 article_tag has 1 unsatisfied deps, postponing: article
2011-02-06 06:37:29.736 Info     lib/EntityModel/Support.pm:60 article has 1 unsatisfied deps, postponing: author
2011-02-06 06:37:29.737 Info     lib/EntityModel/Support/Perl.pm:262 Load package for [Entity::Author]
2011-02-06 06:37:29.737 Info     lib/EntityModel/Support/Perl.pm:272 Failed: [Can't locate Entity/Author.pm in @INC (@INC contains: lib /home/tom/.cpan /home/tom/.cpan/lib /home/tom/.cpan/lib/perl5/5.10.1/x86_64-linux-gnu-thread-multi /home/tom/.cpan/lib/perl5/5.10.1 /home/tom/.cpan/lib/perl5/x86_64-linux-gnu-thread-multi /home/tom/.cpan/lib/perl5 /home/tom/.cpan/lib/perl5/site_perl/5.10.1/x86_64-linux-gnu-thread-multi /home/tom/.cpan/lib/perl5/site_perl/5.10.1 /home/tom/.cpan/lib/perl5/site_perl /home/tom/.cpan/lib/perl5/5.10.0/i486-linux-gnu-thread-multi /home/tom/.cpan /home/tom/.cpan/lib /home/tom/.cpan/lib/perl5/5.10.1/x86_64-linux-gnu-thread-multi /home/tom/.cpan/lib/perl5/5.10.1 /home/tom/.cpan/lib/perl5/x86_64-linux-gnu-thread-multi /home/tom/.cpan/lib/perl5 /home/tom/.cpan/lib/perl5/site_perl/5.10.1/x86_64-linux-gnu-thread-multi /home/tom/.cpan/lib/perl5/site_perl/5.10.1 /home/tom/.cpan/lib/perl5/site_perl /home/tom/.cpan/lib/perl5/5.10.0/i486-linux-gnu-thread-multi /etc/perl /usr/local/lib/perl/5.10.1 /usr/local/share/perl/5.10.1 /usr/lib/perl5 /usr/share/perl5 /usr/lib/perl/5.10 /usr/share/perl/5.10 /usr/local/lib/site_perl .) at /home/tom/.cpan/lib/perl5/Module/Load.pm line 27.
Can't locate Entity/Author in @INC (@INC contains: lib /home/tom/.cpan /home/tom/.cpan/lib /home/tom/.cpan/lib/perl5/5.10.1/x86_64-linux-gnu-thread-multi /home/tom/.cpan/lib/perl5/5.10.1 /home/tom/.cpan/lib/perl5/x86_64-linux-gnu-thread-multi /home/tom/.cpan/lib/perl5 /home/tom/.cpan/lib/perl5/site_perl/5.10.1/x86_64-linux-gnu-thread-multi /home/tom/.cpan/lib/perl5/site_perl/5.10.1 /home/tom/.cpan/lib/perl5/site_perl /home/tom/.cpan/lib/perl5/5.10.0/i486-linux-gnu-thread-multi /home/tom/.cpan /home/tom/.cpan/lib /home/tom/.cpan/lib/perl5/5.10.1/x86_64-linux-gnu-thread-multi /home/tom/.cpan/lib/perl5/5.10.1 /home/tom/.cpan/lib/perl5/x86_64-linux-gnu-thread-multi /home/tom/.cpan/lib/perl5 /home/tom/.cpan/lib/perl5/site_perl/5.10.1/x86_64-linux-gnu-thread-multi /home/tom/.cpan/lib/perl5/site_perl/5.10.1 /home/tom/.cpan/lib/perl5/site_perl /home/tom/.cpan/lib/perl5/5.10.0/i486-linux-gnu-thread-multi /etc/perl /usr/local/lib/perl/5.10.1 /usr/local/share/perl/5.10.1 /usr/lib/perl5 /usr/share/perl5 /usr/lib/perl/5.10 /usr/share/perl/5.10 /usr/local/lib/site_perl .) at /home/tom/.cpan/lib/perl5/Module/Load.pm line 27.
]
2011-02-06 06:37:29.737 Info     lib/EntityModel/Support/Perl.pm:262 Load package for [Entity::Tag]
2011-02-06 06:37:29.738 Info     lib/EntityModel/Support/Perl.pm:272 Failed: [Can't locate Entity/Tag.pm in @INC (@INC contains: lib /home/tom/.cpan /home/tom/.cpan/lib /home/tom/.cpan/lib/perl5/5.10.1/x86_64-linux-gnu-thread-multi /home/tom/.cpan/lib/perl5/5.10.1 /home/tom/.cpan/lib/perl5/x86_64-linux-gnu-thread-multi /home/tom/.cpan/lib/perl5 /home/tom/.cpan/lib/perl5/site_perl/5.10.1/x86_64-linux-gnu-thread-multi /home/tom/.cpan/lib/perl5/site_perl/5.10.1 /home/tom/.cpan/lib/perl5/site_perl /home/tom/.cpan/lib/perl5/5.10.0/i486-linux-gnu-thread-multi /home/tom/.cpan /home/tom/.cpan/lib /home/tom/.cpan/lib/perl5/5.10.1/x86_64-linux-gnu-thread-multi /home/tom/.cpan/lib/perl5/5.10.1 /home/tom/.cpan/lib/perl5/x86_64-linux-gnu-thread-multi /home/tom/.cpan/lib/perl5 /home/tom/.cpan/lib/perl5/site_perl/5.10.1/x86_64-linux-gnu-thread-multi /home/tom/.cpan/lib/perl5/site_perl/5.10.1 /home/tom/.cpan/lib/perl5/site_perl /home/tom/.cpan/lib/perl5/5.10.0/i486-linux-gnu-thread-multi /etc/perl /usr/local/lib/perl/5.10.1 /usr/local/share/perl/5.10.1 /usr/lib/perl5 /usr/share/perl5 /usr/lib/perl/5.10 /usr/share/perl/5.10 /usr/local/lib/site_perl .) at /home/tom/.cpan/lib/perl5/Module/Load.pm line 27.
Can't locate Entity/Tag in @INC (@INC contains: lib /home/tom/.cpan /home/tom/.cpan/lib /home/tom/.cpan/lib/perl5/5.10.1/x86_64-linux-gnu-thread-multi /home/tom/.cpan/lib/perl5/5.10.1 /home/tom/.cpan/lib/perl5/x86_64-linux-gnu-thread-multi /home/tom/.cpan/lib/perl5 /home/tom/.cpan/lib/perl5/site_perl/5.10.1/x86_64-linux-gnu-thread-multi /home/tom/.cpan/lib/perl5/site_perl/5.10.1 /home/tom/.cpan/lib/perl5/site_perl /home/tom/.cpan/lib/perl5/5.10.0/i486-linux-gnu-thread-multi /home/tom/.cpan /home/tom/.cpan/lib /home/tom/.cpan/lib/perl5/5.10.1/x86_64-linux-gnu-thread-multi /home/tom/.cpan/lib/perl5/5.10.1 /home/tom/.cpan/lib/perl5/x86_64-linux-gnu-thread-multi /home/tom/.cpan/lib/perl5 /home/tom/.cpan/lib/perl5/site_perl/5.10.1/x86_64-linux-gnu-thread-multi /home/tom/.cpan/lib/perl5/site_perl/5.10.1 /home/tom/.cpan/lib/perl5/site_perl /home/tom/.cpan/lib/perl5/5.10.0/i486-linux-gnu-thread-multi /etc/perl /usr/local/lib/perl/5.10.1 /usr/local/share/perl/5.10.1 /usr/lib/perl5 /usr/share/perl5 /usr/lib/perl/5.10 /usr/share/perl/5.10 /usr/local/lib/site_perl .) at /home/tom/.cpan/lib/perl5/Module/Load.pm line 27.
]
2011-02-06 06:37:29.738 Info     lib/EntityModel/Support.pm:60 article_tag has 1 unsatisfied deps, postponing: article
2011-02-06 06:37:29.738 Info     lib/EntityModel/Support/Perl.pm:262 Load package for [Entity::Article]
2011-02-06 06:37:29.738 Info     lib/EntityModel/Support/Perl.pm:272 Failed: [Can't locate Entity/Article.pm in @INC (@INC contains: lib /home/tom/.cpan /home/tom/.cpan/lib /home/tom/.cpan/lib/perl5/5.10.1/x86_64-linux-gnu-thread-multi /home/tom/.cpan/lib/perl5/5.10.1 /home/tom/.cpan/lib/perl5/x86_64-linux-gnu-thread-multi /home/tom/.cpan/lib/perl5 /home/tom/.cpan/lib/perl5/site_perl/5.10.1/x86_64-linux-gnu-thread-multi /home/tom/.cpan/lib/perl5/site_perl/5.10.1 /home/tom/.cpan/lib/perl5/site_perl /home/tom/.cpan/lib/perl5/5.10.0/i486-linux-gnu-thread-multi /home/tom/.cpan /home/tom/.cpan/lib /home/tom/.cpan/lib/perl5/5.10.1/x86_64-linux-gnu-thread-multi /home/tom/.cpan/lib/perl5/5.10.1 /home/tom/.cpan/lib/perl5/x86_64-linux-gnu-thread-multi /home/tom/.cpan/lib/perl5 /home/tom/.cpan/lib/perl5/site_perl/5.10.1/x86_64-linux-gnu-thread-multi /home/tom/.cpan/lib/perl5/site_perl/5.10.1 /home/tom/.cpan/lib/perl5/site_perl /home/tom/.cpan/lib/perl5/5.10.0/i486-linux-gnu-thread-multi /etc/perl /usr/local/lib/perl/5.10.1 /usr/local/share/perl/5.10.1 /usr/lib/perl5 /usr/share/perl5 /usr/lib/perl/5.10 /usr/share/perl/5.10 /usr/local/lib/site_perl .) at /home/tom/.cpan/lib/perl5/Module/Load.pm line 27.
Can't locate Entity/Article in @INC (@INC contains: lib /home/tom/.cpan /home/tom/.cpan/lib /home/tom/.cpan/lib/perl5/5.10.1/x86_64-linux-gnu-thread-multi /home/tom/.cpan/lib/perl5/5.10.1 /home/tom/.cpan/lib/perl5/x86_64-linux-gnu-thread-multi /home/tom/.cpan/lib/perl5 /home/tom/.cpan/lib/perl5/site_perl/5.10.1/x86_64-linux-gnu-thread-multi /home/tom/.cpan/lib/perl5/site_perl/5.10.1 /home/tom/.cpan/lib/perl5/site_perl /home/tom/.cpan/lib/perl5/5.10.0/i486-linux-gnu-thread-multi /home/tom/.cpan /home/tom/.cpan/lib /home/tom/.cpan/lib/perl5/5.10.1/x86_64-linux-gnu-thread-multi /home/tom/.cpan/lib/perl5/5.10.1 /home/tom/.cpan/lib/perl5/x86_64-linux-gnu-thread-multi /home/tom/.cpan/lib/perl5 /home/tom/.cpan/lib/perl5/site_perl/5.10.1/x86_64-linux-gnu-thread-multi /home/tom/.cpan/lib/perl5/site_perl/5.10.1 /home/tom/.cpan/lib/perl5/site_perl /home/tom/.cpan/lib/perl5/5.10.0/i486-linux-gnu-thread-multi /etc/perl /usr/local/lib/perl/5.10.1 /usr/local/share/perl/5.10.1 /usr/lib/perl5 /usr/share/perl5 /usr/lib/perl/5.10 /usr/share/perl/5.10 /usr/local/lib/site_perl .) at /home/tom/.cpan/lib/perl5/Module/Load.pm line 27.
]
2011-02-06 06:37:29.739 Info     lib/EntityModel/Support/Perl.pm:262 Load package for [Entity::Article::Tag]
2011-02-06 06:37:29.739 Info     lib/EntityModel/Support/Perl.pm:272 Failed: [Can't locate Entity/Article/Tag.pm in @INC (@INC contains: lib /home/tom/.cpan /home/tom/.cpan/lib /home/tom/.cpan/lib/perl5/5.10.1/x86_64-linux-gnu-thread-multi /home/tom/.cpan/lib/perl5/5.10.1 /home/tom/.cpan/lib/perl5/x86_64-linux-gnu-thread-multi /home/tom/.cpan/lib/perl5 /home/tom/.cpan/lib/perl5/site_perl/5.10.1/x86_64-linux-gnu-thread-multi /home/tom/.cpan/lib/perl5/site_perl/5.10.1 /home/tom/.cpan/lib/perl5/site_perl /home/tom/.cpan/lib/perl5/5.10.0/i486-linux-gnu-thread-multi /home/tom/.cpan /home/tom/.cpan/lib /home/tom/.cpan/lib/perl5/5.10.1/x86_64-linux-gnu-thread-multi /home/tom/.cpan/lib/perl5/5.10.1 /home/tom/.cpan/lib/perl5/x86_64-linux-gnu-thread-multi /home/tom/.cpan/lib/perl5 /home/tom/.cpan/lib/perl5/site_perl/5.10.1/x86_64-linux-gnu-thread-multi /home/tom/.cpan/lib/perl5/site_perl/5.10.1 /home/tom/.cpan/lib/perl5/site_perl /home/tom/.cpan/lib/perl5/5.10.0/i486-linux-gnu-thread-multi /etc/perl /usr/local/lib/perl/5.10.1 /usr/local/share/perl/5.10.1 /usr/lib/perl5 /usr/share/perl5 /usr/lib/perl/5.10 /usr/share/perl/5.10 /usr/local/lib/site_perl .) at /home/tom/.cpan/lib/perl5/Module/Load.pm line 27.
Can't locate Entity/Article/Tag in @INC (@INC contains: lib /home/tom/.cpan /home/tom/.cpan/lib /home/tom/.cpan/lib/perl5/5.10.1/x86_64-linux-gnu-thread-multi /home/tom/.cpan/lib/perl5/5.10.1 /home/tom/.cpan/lib/perl5/x86_64-linux-gnu-thread-multi /home/tom/.cpan/lib/perl5 /home/tom/.cpan/lib/perl5/site_perl/5.10.1/x86_64-linux-gnu-thread-multi /home/tom/.cpan/lib/perl5/site_perl/5.10.1 /home/tom/.cpan/lib/perl5/site_perl /home/tom/.cpan/lib/perl5/5.10.0/i486-linux-gnu-thread-multi /home/tom/.cpan /home/tom/.cpan/lib /home/tom/.cpan/lib/perl5/5.10.1/x86_64-linux-gnu-thread-multi /home/tom/.cpan/lib/perl5/5.10.1 /home/tom/.cpan/lib/perl5/x86_64-linux-gnu-thread-multi /home/tom/.cpan/lib/perl5 /home/tom/.cpan/lib/perl5/site_perl/5.10.1/x86_64-linux-gnu-thread-multi /home/tom/.cpan/lib/perl5/site_perl/5.10.1 /home/tom/.cpan/lib/perl5/site_perl /home/tom/.cpan/lib/perl5/5.10.0/i486-linux-gnu-thread-multi /etc/perl /usr/local/lib/perl/5.10.1 /usr/local/share/perl/5.10.1 /usr/lib/perl5 /usr/share/perl5 /usr/lib/perl/5.10 /usr/share/perl/5.10 /usr/local/lib/site_perl .) at /home/tom/.cpan/lib/perl5/Module/Load.pm line 27.
]
2011-02-06 06:37:29.761 ERROR    lib/EntityModel/Support/Perl/Base.pm:315 {
  _callback => {},
  email => "author\@example.com",
  idauthor => 1,
  name => "Author name",
}
2011-02-06 06:37:29.763 ERROR    lib/EntityModel/Support/Perl/Base.pm:315 {
  _callback => {},
  email => "author\@example.com",
  idauthor => 1,
  name => "Author name",
}
2011-02-06 06:37:29.765 ERROR    lib/EntityModel/Support/Perl/Base.pm:315 {
  _callback => {},
  content   => "Some content would be here",
  idarticle => 1,
  idauthor  => 1,
  title     => "Article title",
}
2011-02-06 06:37:29.795 ERROR    lib/EntityModel/Support/Perl/Base.pm:315 {
  _callback => {},
  content   => "Some content would be here",
  idarticle => 1,
  idauthor  => 1,
  title     => "Article title",
}
2011-02-06 06:37:34.953 Info     lib/EntityModel/Storage/Perl.pm:88 article has 1 unsatisfied deps, postponing: author
2011-02-06 06:37:34.959 Info     lib/EntityModel/Storage/Perl.pm:88 article_tag has 1 unsatisfied deps, postponing: article
2011-02-06 06:37:35.037 Info     lib/EntityModel/Support.pm:60 article has 1 unsatisfied deps, postponing: author
2011-02-06 06:37:35.037 Info     lib/EntityModel/Support/Perl.pm:262 Load package for [Entity::Author]
2011-02-06 06:37:35.037 Info     lib/EntityModel/Support/Perl.pm:272 Failed: [Can't locate Entity/Author.pm in @INC (@INC contains: lib /home/tom/.cpan /home/tom/.cpan/lib /home/tom/.cpan/lib/perl5/5.10.1/x86_64-linux-gnu-thread-multi /home/tom/.cpan/lib/perl5/5.10.1 /home/tom/.cpan/lib/perl5/x86_64-linux-gnu-thread-multi /home/tom/.cpan/lib/perl5 /home/tom/.cpan/lib/perl5/site_perl/5.10.1/x86_64-linux-gnu-thread-multi /home/tom/.cpan/lib/perl5/site_perl/5.10.1 /home/tom/.cpan/lib/perl5/site_perl /home/tom/.cpan/lib/perl5/5.10.0/i486-linux-gnu-thread-multi /home/tom/.cpan /home/tom/.cpan/lib /home/tom/.cpan/lib/perl5/5.10.1/x86_64-linux-gnu-thread-multi /home/tom/.cpan/lib/perl5/5.10.1 /home/tom/.cpan/lib/perl5/x86_64-linux-gnu-thread-multi /home/tom/.cpan/lib/perl5 /home/tom/.cpan/lib/perl5/site_perl/5.10.1/x86_64-linux-gnu-thread-multi /home/tom/.cpan/lib/perl5/site_perl/5.10.1 /home/tom/.cpan/lib/perl5/site_perl /home/tom/.cpan/lib/perl5/5.10.0/i486-linux-gnu-thread-multi /etc/perl /usr/local/lib/perl/5.10.1 /usr/local/share/perl/5.10.1 /usr/lib/perl5 /usr/share/perl5 /usr/lib/perl/5.10 /usr/share/perl/5.10 /usr/local/lib/site_perl .) at /home/tom/.cpan/lib/perl5/Module/Load.pm line 27.
Can't locate Entity/Author in @INC (@INC contains: lib /home/tom/.cpan /home/tom/.cpan/lib /home/tom/.cpan/lib/perl5/5.10.1/x86_64-linux-gnu-thread-multi /home/tom/.cpan/lib/perl5/5.10.1 /home/tom/.cpan/lib/perl5/x86_64-linux-gnu-thread-multi /home/tom/.cpan/lib/perl5 /home/tom/.cpan/lib/perl5/site_perl/5.10.1/x86_64-linux-gnu-thread-multi /home/tom/.cpan/lib/perl5/site_perl/5.10.1 /home/tom/.cpan/lib/perl5/site_perl /home/tom/.cpan/lib/perl5/5.10.0/i486-linux-gnu-thread-multi /home/tom/.cpan /home/tom/.cpan/lib /home/tom/.cpan/lib/perl5/5.10.1/x86_64-linux-gnu-thread-multi /home/tom/.cpan/lib/perl5/5.10.1 /home/tom/.cpan/lib/perl5/x86_64-linux-gnu-thread-multi /home/tom/.cpan/lib/perl5 /home/tom/.cpan/lib/perl5/site_perl/5.10.1/x86_64-linux-gnu-thread-multi /home/tom/.cpan/lib/perl5/site_perl/5.10.1 /home/tom/.cpan/lib/perl5/site_perl /home/tom/.cpan/lib/perl5/5.10.0/i486-linux-gnu-thread-multi /etc/perl /usr/local/lib/perl/5.10.1 /usr/local/share/perl/5.10.1 /usr/lib/perl5 /usr/share/perl5 /usr/lib/perl/5.10 /usr/share/perl/5.10 /usr/local/lib/site_perl .) at /home/tom/.cpan/lib/perl5/Module/Load.pm line 27.
]
2011-02-06 06:37:35.038 Info     lib/EntityModel/Support/Perl.pm:262 Load package for [Entity::Tag]
2011-02-06 06:37:35.038 Info     lib/EntityModel/Support/Perl.pm:272 Failed: [Can't locate Entity/Tag.pm in @INC (@INC contains: lib /home/tom/.cpan /home/tom/.cpan/lib /home/tom/.cpan/lib/perl5/5.10.1/x86_64-linux-gnu-thread-multi /home/tom/.cpan/lib/perl5/5.10.1 /home/tom/.cpan/lib/perl5/x86_64-linux-gnu-thread-multi /home/tom/.cpan/lib/perl5 /home/tom/.cpan/lib/perl5/site_perl/5.10.1/x86_64-linux-gnu-thread-multi /home/tom/.cpan/lib/perl5/site_perl/5.10.1 /home/tom/.cpan/lib/perl5/site_perl /home/tom/.cpan/lib/perl5/5.10.0/i486-linux-gnu-thread-multi /home/tom/.cpan /home/tom/.cpan/lib /home/tom/.cpan/lib/perl5/5.10.1/x86_64-linux-gnu-thread-multi /home/tom/.cpan/lib/perl5/5.10.1 /home/tom/.cpan/lib/perl5/x86_64-linux-gnu-thread-multi /home/tom/.cpan/lib/perl5 /home/tom/.cpan/lib/perl5/site_perl/5.10.1/x86_64-linux-gnu-thread-multi /home/tom/.cpan/lib/perl5/site_perl/5.10.1 /home/tom/.cpan/lib/perl5/site_perl /home/tom/.cpan/lib/perl5/5.10.0/i486-linux-gnu-thread-multi /etc/perl /usr/local/lib/perl/5.10.1 /usr/local/share/perl/5.10.1 /usr/lib/perl5 /usr/share/perl5 /usr/lib/perl/5.10 /usr/share/perl/5.10 /usr/local/lib/site_perl .) at /home/tom/.cpan/lib/perl5/Module/Load.pm line 27.
Can't locate Entity/Tag in @INC (@INC contains: lib /home/tom/.cpan /home/tom/.cpan/lib /home/tom/.cpan/lib/perl5/5.10.1/x86_64-linux-gnu-thread-multi /home/tom/.cpan/lib/perl5/5.10.1 /home/tom/.cpan/lib/perl5/x86_64-linux-gnu-thread-multi /home/tom/.cpan/lib/perl5 /home/tom/.cpan/lib/perl5/site_perl/5.10.1/x86_64-linux-gnu-thread-multi /home/tom/.cpan/lib/perl5/site_perl/5.10.1 /home/tom/.cpan/lib/perl5/site_perl /home/tom/.cpan/lib/perl5/5.10.0/i486-linux-gnu-thread-multi /home/tom/.cpan /home/tom/.cpan/lib /home/tom/.cpan/lib/perl5/5.10.1/x86_64-linux-gnu-thread-multi /home/tom/.cpan/lib/perl5/5.10.1 /home/tom/.cpan/lib/perl5/x86_64-linux-gnu-thread-multi /home/tom/.cpan/lib/perl5 /home/tom/.cpan/lib/perl5/site_perl/5.10.1/x86_64-linux-gnu-thread-multi /home/tom/.cpan/lib/perl5/site_perl/5.10.1 /home/tom/.cpan/lib/perl5/site_perl /home/tom/.cpan/lib/perl5/5.10.0/i486-linux-gnu-thread-multi /etc/perl /usr/local/lib/perl/5.10.1 /usr/local/share/perl/5.10.1 /usr/lib/perl5 /usr/share/perl5 /usr/lib/perl/5.10 /usr/share/perl/5.10 /usr/local/lib/site_perl .) at /home/tom/.cpan/lib/perl5/Module/Load.pm line 27.
]
2011-02-06 06:37:35.038 Info     lib/EntityModel/Support.pm:60 article_tag has 1 unsatisfied deps, postponing: article
2011-02-06 06:37:35.039 Info     lib/EntityModel/Support/Perl.pm:262 Load package for [Entity::Article]
2011-02-06 06:37:35.039 Info     lib/EntityModel/Support/Perl.pm:272 Failed: [Can't locate Entity/Article.pm in @INC (@INC contains: lib /home/tom/.cpan /home/tom/.cpan/lib /home/tom/.cpan/lib/perl5/5.10.1/x86_64-linux-gnu-thread-multi /home/tom/.cpan/lib/perl5/5.10.1 /home/tom/.cpan/lib/perl5/x86_64-linux-gnu-thread-multi /home/tom/.cpan/lib/perl5 /home/tom/.cpan/lib/perl5/site_perl/5.10.1/x86_64-linux-gnu-thread-multi /home/tom/.cpan/lib/perl5/site_perl/5.10.1 /home/tom/.cpan/lib/perl5/site_perl /home/tom/.cpan/lib/perl5/5.10.0/i486-linux-gnu-thread-multi /home/tom/.cpan /home/tom/.cpan/lib /home/tom/.cpan/lib/perl5/5.10.1/x86_64-linux-gnu-thread-multi /home/tom/.cpan/lib/perl5/5.10.1 /home/tom/.cpan/lib/perl5/x86_64-linux-gnu-thread-multi /home/tom/.cpan/lib/perl5 /home/tom/.cpan/lib/perl5/site_perl/5.10.1/x86_64-linux-gnu-thread-multi /home/tom/.cpan/lib/perl5/site_perl/5.10.1 /home/tom/.cpan/lib/perl5/site_perl /home/tom/.cpan/lib/perl5/5.10.0/i486-linux-gnu-thread-multi /etc/perl /usr/local/lib/perl/5.10.1 /usr/local/share/perl/5.10.1 /usr/lib/perl5 /usr/share/perl5 /usr/lib/perl/5.10 /usr/share/perl/5.10 /usr/local/lib/site_perl .) at /home/tom/.cpan/lib/perl5/Module/Load.pm line 27.
Can't locate Entity/Article in @INC (@INC contains: lib /home/tom/.cpan /home/tom/.cpan/lib /home/tom/.cpan/lib/perl5/5.10.1/x86_64-linux-gnu-thread-multi /home/tom/.cpan/lib/perl5/5.10.1 /home/tom/.cpan/lib/perl5/x86_64-linux-gnu-thread-multi /home/tom/.cpan/lib/perl5 /home/tom/.cpan/lib/perl5/site_perl/5.10.1/x86_64-linux-gnu-thread-multi /home/tom/.cpan/lib/perl5/site_perl/5.10.1 /home/tom/.cpan/lib/perl5/site_perl /home/tom/.cpan/lib/perl5/5.10.0/i486-linux-gnu-thread-multi /home/tom/.cpan /home/tom/.cpan/lib /home/tom/.cpan/lib/perl5/5.10.1/x86_64-linux-gnu-thread-multi /home/tom/.cpan/lib/perl5/5.10.1 /home/tom/.cpan/lib/perl5/x86_64-linux-gnu-thread-multi /home/tom/.cpan/lib/perl5 /home/tom/.cpan/lib/perl5/site_perl/5.10.1/x86_64-linux-gnu-thread-multi /home/tom/.cpan/lib/perl5/site_perl/5.10.1 /home/tom/.cpan/lib/perl5/site_perl /home/tom/.cpan/lib/perl5/5.10.0/i486-linux-gnu-thread-multi /etc/perl /usr/local/lib/perl/5.10.1 /usr/local/share/perl/5.10.1 /usr/lib/perl5 /usr/share/perl5 /usr/lib/perl/5.10 /usr/share/perl/5.10 /usr/local/lib/site_perl .) at /home/tom/.cpan/lib/perl5/Module/Load.pm line 27.
]
2011-02-06 06:37:35.040 Info     lib/EntityModel/Support/Perl.pm:262 Load package for [Entity::Article::Tag]
2011-02-06 06:37:35.040 Info     lib/EntityModel/Support/Perl.pm:272 Failed: [Can't locate Entity/Article/Tag.pm in @INC (@INC contains: lib /home/tom/.cpan /home/tom/.cpan/lib /home/tom/.cpan/lib/perl5/5.10.1/x86_64-linux-gnu-thread-multi /home/tom/.cpan/lib/perl5/5.10.1 /home/tom/.cpan/lib/perl5/x86_64-linux-gnu-thread-multi /home/tom/.cpan/lib/perl5 /home/tom/.cpan/lib/perl5/site_perl/5.10.1/x86_64-linux-gnu-thread-multi /home/tom/.cpan/lib/perl5/site_perl/5.10.1 /home/tom/.cpan/lib/perl5/site_perl /home/tom/.cpan/lib/perl5/5.10.0/i486-linux-gnu-thread-multi /home/tom/.cpan /home/tom/.cpan/lib /home/tom/.cpan/lib/perl5/5.10.1/x86_64-linux-gnu-thread-multi /home/tom/.cpan/lib/perl5/5.10.1 /home/tom/.cpan/lib/perl5/x86_64-linux-gnu-thread-multi /home/tom/.cpan/lib/perl5 /home/tom/.cpan/lib/perl5/site_perl/5.10.1/x86_64-linux-gnu-thread-multi /home/tom/.cpan/lib/perl5/site_perl/5.10.1 /home/tom/.cpan/lib/perl5/site_perl /home/tom/.cpan/lib/perl5/5.10.0/i486-linux-gnu-thread-multi /etc/perl /usr/local/lib/perl/5.10.1 /usr/local/share/perl/5.10.1 /usr/lib/perl5 /usr/share/perl5 /usr/lib/perl/5.10 /usr/share/perl/5.10 /usr/local/lib/site_perl .) at /home/tom/.cpan/lib/perl5/Module/Load.pm line 27.
Can't locate Entity/Article/Tag in @INC (@INC contains: lib /home/tom/.cpan /home/tom/.cpan/lib /home/tom/.cpan/lib/perl5/5.10.1/x86_64-linux-gnu-thread-multi /home/tom/.cpan/lib/perl5/5.10.1 /home/tom/.cpan/lib/perl5/x86_64-linux-gnu-thread-multi /home/tom/.cpan/lib/perl5 /home/tom/.cpan/lib/perl5/site_perl/5.10.1/x86_64-linux-gnu-thread-multi /home/tom/.cpan/lib/perl5/site_perl/5.10.1 /home/tom/.cpan/lib/perl5/site_perl /home/tom/.cpan/lib/perl5/5.10.0/i486-linux-gnu-thread-multi /home/tom/.cpan /home/tom/.cpan/lib /home/tom/.cpan/lib/perl5/5.10.1/x86_64-linux-gnu-thread-multi /home/tom/.cpan/lib/perl5/5.10.1 /home/tom/.cpan/lib/perl5/x86_64-linux-gnu-thread-multi /home/tom/.cpan/lib/perl5 /home/tom/.cpan/lib/perl5/site_perl/5.10.1/x86_64-linux-gnu-thread-multi /home/tom/.cpan/lib/perl5/site_perl/5.10.1 /home/tom/.cpan/lib/perl5/site_perl /home/tom/.cpan/lib/perl5/5.10.0/i486-linux-gnu-thread-multi /etc/perl /usr/local/lib/perl/5.10.1 /usr/local/share/perl/5.10.1 /usr/lib/perl5 /usr/share/perl5 /usr/lib/perl/5.10 /usr/share/perl/5.10 /usr/local/lib/site_perl .) at /home/tom/.cpan/lib/perl5/Module/Load.pm line 27.
]
2011-02-06 06:37:35.062 ERROR    lib/EntityModel/Support/Perl/Base.pm:315 {
  _callback => {},
  email => "author\@example.com",
  idauthor => 1,
  name => "Author name",
}
2011-02-06 06:37:35.064 ERROR    lib/EntityModel/Support/Perl/Base.pm:315 {
  _callback => {},
  email => "author\@example.com",
  idauthor => 1,
  name => "Author name",
}
2011-02-06 06:37:35.066 ERROR    lib/EntityModel/Support/Perl/Base.pm:315 {
  _callback => {},
  content   => "Some content would be here",
  idarticle => 1,
  idauthor  => 1,
  title     => "Article title",
}
2011-02-06 06:37:35.096 ERROR    lib/EntityModel/Support/Perl/Base.pm:315 {
  _callback => {},
  content   => "Some content would be here",
  idarticle => 1,
  idauthor  => 1,
  title     => "Article title",
}
2011-02-06 06:38:32.176 Info     lib/EntityModel/Storage/Perl.pm:88 article has 1 unsatisfied deps, postponing: author
2011-02-06 06:38:32.182 Info     lib/EntityModel/Storage/Perl.pm:88 article_tag has 1 unsatisfied deps, postponing: article
2011-02-06 06:38:32.260 Info     lib/EntityModel/Support.pm:60 article has 1 unsatisfied deps, postponing: author
2011-02-06 06:38:32.260 Info     lib/EntityModel/Support/Perl.pm:262 Load package for [Entity::Author]
2011-02-06 06:38:32.260 Info     lib/EntityModel/Support/Perl.pm:272 Failed: [Can't locate Entity/Author.pm in @INC (@INC contains: lib /home/tom/.cpan /home/tom/.cpan/lib /home/tom/.cpan/lib/perl5/5.10.1/x86_64-linux-gnu-thread-multi /home/tom/.cpan/lib/perl5/5.10.1 /home/tom/.cpan/lib/perl5/x86_64-linux-gnu-thread-multi /home/tom/.cpan/lib/perl5 /home/tom/.cpan/lib/perl5/site_perl/5.10.1/x86_64-linux-gnu-thread-multi /home/tom/.cpan/lib/perl5/site_perl/5.10.1 /home/tom/.cpan/lib/perl5/site_perl /home/tom/.cpan/lib/perl5/5.10.0/i486-linux-gnu-thread-multi /home/tom/.cpan /home/tom/.cpan/lib /home/tom/.cpan/lib/perl5/5.10.1/x86_64-linux-gnu-thread-multi /home/tom/.cpan/lib/perl5/5.10.1 /home/tom/.cpan/lib/perl5/x86_64-linux-gnu-thread-multi /home/tom/.cpan/lib/perl5 /home/tom/.cpan/lib/perl5/site_perl/5.10.1/x86_64-linux-gnu-thread-multi /home/tom/.cpan/lib/perl5/site_perl/5.10.1 /home/tom/.cpan/lib/perl5/site_perl /home/tom/.cpan/lib/perl5/5.10.0/i486-linux-gnu-thread-multi /etc/perl /usr/local/lib/perl/5.10.1 /usr/local/share/perl/5.10.1 /usr/lib/perl5 /usr/share/perl5 /usr/lib/perl/5.10 /usr/share/perl/5.10 /usr/local/lib/site_perl .) at /home/tom/.cpan/lib/perl5/Module/Load.pm line 27.
Can't locate Entity/Author in @INC (@INC contains: lib /home/tom/.cpan /home/tom/.cpan/lib /home/tom/.cpan/lib/perl5/5.10.1/x86_64-linux-gnu-thread-multi /home/tom/.cpan/lib/perl5/5.10.1 /home/tom/.cpan/lib/perl5/x86_64-linux-gnu-thread-multi /home/tom/.cpan/lib/perl5 /home/tom/.cpan/lib/perl5/site_perl/5.10.1/x86_64-linux-gnu-thread-multi /home/tom/.cpan/lib/perl5/site_perl/5.10.1 /home/tom/.cpan/lib/perl5/site_perl /home/tom/.cpan/lib/perl5/5.10.0/i486-linux-gnu-thread-multi /home/tom/.cpan /home/tom/.cpan/lib /home/tom/.cpan/lib/perl5/5.10.1/x86_64-linux-gnu-thread-multi /home/tom/.cpan/lib/perl5/5.10.1 /home/tom/.cpan/lib/perl5/x86_64-linux-gnu-thread-multi /home/tom/.cpan/lib/perl5 /home/tom/.cpan/lib/perl5/site_perl/5.10.1/x86_64-linux-gnu-thread-multi /home/tom/.cpan/lib/perl5/site_perl/5.10.1 /home/tom/.cpan/lib/perl5/site_perl /home/tom/.cpan/lib/perl5/5.10.0/i486-linux-gnu-thread-multi /etc/perl /usr/local/lib/perl/5.10.1 /usr/local/share/perl/5.10.1 /usr/lib/perl5 /usr/share/perl5 /usr/lib/perl/5.10 /usr/share/perl/5.10 /usr/local/lib/site_perl .) at /home/tom/.cpan/lib/perl5/Module/Load.pm line 27.
]
2011-02-06 06:38:32.261 Info     lib/EntityModel/Support/Perl.pm:262 Load package for [Entity::Tag]
2011-02-06 06:38:32.261 Info     lib/EntityModel/Support/Perl.pm:272 Failed: [Can't locate Entity/Tag.pm in @INC (@INC contains: lib /home/tom/.cpan /home/tom/.cpan/lib /home/tom/.cpan/lib/perl5/5.10.1/x86_64-linux-gnu-thread-multi /home/tom/.cpan/lib/perl5/5.10.1 /home/tom/.cpan/lib/perl5/x86_64-linux-gnu-thread-multi /home/tom/.cpan/lib/perl5 /home/tom/.cpan/lib/perl5/site_perl/5.10.1/x86_64-linux-gnu-thread-multi /home/tom/.cpan/lib/perl5/site_perl/5.10.1 /home/tom/.cpan/lib/perl5/site_perl /home/tom/.cpan/lib/perl5/5.10.0/i486-linux-gnu-thread-multi /home/tom/.cpan /home/tom/.cpan/lib /home/tom/.cpan/lib/perl5/5.10.1/x86_64-linux-gnu-thread-multi /home/tom/.cpan/lib/perl5/5.10.1 /home/tom/.cpan/lib/perl5/x86_64-linux-gnu-thread-multi /home/tom/.cpan/lib/perl5 /home/tom/.cpan/lib/perl5/site_perl/5.10.1/x86_64-linux-gnu-thread-multi /home/tom/.cpan/lib/perl5/site_perl/5.10.1 /home/tom/.cpan/lib/perl5/site_perl /home/tom/.cpan/lib/perl5/5.10.0/i486-linux-gnu-thread-multi /etc/perl /usr/local/lib/perl/5.10.1 /usr/local/share/perl/5.10.1 /usr/lib/perl5 /usr/share/perl5 /usr/lib/perl/5.10 /usr/share/perl/5.10 /usr/local/lib/site_perl .) at /home/tom/.cpan/lib/perl5/Module/Load.pm line 27.
Can't locate Entity/Tag in @INC (@INC contains: lib /home/tom/.cpan /home/tom/.cpan/lib /home/tom/.cpan/lib/perl5/5.10.1/x86_64-linux-gnu-thread-multi /home/tom/.cpan/lib/perl5/5.10.1 /home/tom/.cpan/lib/perl5/x86_64-linux-gnu-thread-multi /home/tom/.cpan/lib/perl5 /home/tom/.cpan/lib/perl5/site_perl/5.10.1/x86_64-linux-gnu-thread-multi /home/tom/.cpan/lib/perl5/site_perl/5.10.1 /home/tom/.cpan/lib/perl5/site_perl /home/tom/.cpan/lib/perl5/5.10.0/i486-linux-gnu-thread-multi /home/tom/.cpan /home/tom/.cpan/lib /home/tom/.cpan/lib/perl5/5.10.1/x86_64-linux-gnu-thread-multi /home/tom/.cpan/lib/perl5/5.10.1 /home/tom/.cpan/lib/perl5/x86_64-linux-gnu-thread-multi /home/tom/.cpan/lib/perl5 /home/tom/.cpan/lib/perl5/site_perl/5.10.1/x86_64-linux-gnu-thread-multi /home/tom/.cpan/lib/perl5/site_perl/5.10.1 /home/tom/.cpan/lib/perl5/site_perl /home/tom/.cpan/lib/perl5/5.10.0/i486-linux-gnu-thread-multi /etc/perl /usr/local/lib/perl/5.10.1 /usr/local/share/perl/5.10.1 /usr/lib/perl5 /usr/share/perl5 /usr/lib/perl/5.10 /usr/share/perl/5.10 /usr/local/lib/site_perl .) at /home/tom/.cpan/lib/perl5/Module/Load.pm line 27.
]
2011-02-06 06:38:32.261 Info     lib/EntityModel/Support.pm:60 article_tag has 1 unsatisfied deps, postponing: article
2011-02-06 06:38:32.262 Info     lib/EntityModel/Support/Perl.pm:262 Load package for [Entity::Article]
2011-02-06 06:38:32.262 Info     lib/EntityModel/Support/Perl.pm:272 Failed: [Can't locate Entity/Article.pm in @INC (@INC contains: lib /home/tom/.cpan /home/tom/.cpan/lib /home/tom/.cpan/lib/perl5/5.10.1/x86_64-linux-gnu-thread-multi /home/tom/.cpan/lib/perl5/5.10.1 /home/tom/.cpan/lib/perl5/x86_64-linux-gnu-thread-multi /home/tom/.cpan/lib/perl5 /home/tom/.cpan/lib/perl5/site_perl/5.10.1/x86_64-linux-gnu-thread-multi /home/tom/.cpan/lib/perl5/site_perl/5.10.1 /home/tom/.cpan/lib/perl5/site_perl /home/tom/.cpan/lib/perl5/5.10.0/i486-linux-gnu-thread-multi /home/tom/.cpan /home/tom/.cpan/lib /home/tom/.cpan/lib/perl5/5.10.1/x86_64-linux-gnu-thread-multi /home/tom/.cpan/lib/perl5/5.10.1 /home/tom/.cpan/lib/perl5/x86_64-linux-gnu-thread-multi /home/tom/.cpan/lib/perl5 /home/tom/.cpan/lib/perl5/site_perl/5.10.1/x86_64-linux-gnu-thread-multi /home/tom/.cpan/lib/perl5/site_perl/5.10.1 /home/tom/.cpan/lib/perl5/site_perl /home/tom/.cpan/lib/perl5/5.10.0/i486-linux-gnu-thread-multi /etc/perl /usr/local/lib/perl/5.10.1 /usr/local/share/perl/5.10.1 /usr/lib/perl5 /usr/share/perl5 /usr/lib/perl/5.10 /usr/share/perl/5.10 /usr/local/lib/site_perl .) at /home/tom/.cpan/lib/perl5/Module/Load.pm line 27.
Can't locate Entity/Article in @INC (@INC contains: lib /home/tom/.cpan /home/tom/.cpan/lib /home/tom/.cpan/lib/perl5/5.10.1/x86_64-linux-gnu-thread-multi /home/tom/.cpan/lib/perl5/5.10.1 /home/tom/.cpan/lib/perl5/x86_64-linux-gnu-thread-multi /home/tom/.cpan/lib/perl5 /home/tom/.cpan/lib/perl5/site_perl/5.10.1/x86_64-linux-gnu-thread-multi /home/tom/.cpan/lib/perl5/site_perl/5.10.1 /home/tom/.cpan/lib/perl5/site_perl /home/tom/.cpan/lib/perl5/5.10.0/i486-linux-gnu-thread-multi /home/tom/.cpan /home/tom/.cpan/lib /home/tom/.cpan/lib/perl5/5.10.1/x86_64-linux-gnu-thread-multi /home/tom/.cpan/lib/perl5/5.10.1 /home/tom/.cpan/lib/perl5/x86_64-linux-gnu-thread-multi /home/tom/.cpan/lib/perl5 /home/tom/.cpan/lib/perl5/site_perl/5.10.1/x86_64-linux-gnu-thread-multi /home/tom/.cpan/lib/perl5/site_perl/5.10.1 /home/tom/.cpan/lib/perl5/site_perl /home/tom/.cpan/lib/perl5/5.10.0/i486-linux-gnu-thread-multi /etc/perl /usr/local/lib/perl/5.10.1 /usr/local/share/perl/5.10.1 /usr/lib/perl5 /usr/share/perl5 /usr/lib/perl/5.10 /usr/share/perl/5.10 /usr/local/lib/site_perl .) at /home/tom/.cpan/lib/perl5/Module/Load.pm line 27.
]
2011-02-06 06:38:32.262 Info     lib/EntityModel/Support/Perl.pm:262 Load package for [Entity::Article::Tag]
2011-02-06 06:38:32.263 Info     lib/EntityModel/Support/Perl.pm:272 Failed: [Can't locate Entity/Article/Tag.pm in @INC (@INC contains: lib /home/tom/.cpan /home/tom/.cpan/lib /home/tom/.cpan/lib/perl5/5.10.1/x86_64-linux-gnu-thread-multi /home/tom/.cpan/lib/perl5/5.10.1 /home/tom/.cpan/lib/perl5/x86_64-linux-gnu-thread-multi /home/tom/.cpan/lib/perl5 /home/tom/.cpan/lib/perl5/site_perl/5.10.1/x86_64-linux-gnu-thread-multi /home/tom/.cpan/lib/perl5/site_perl/5.10.1 /home/tom/.cpan/lib/perl5/site_perl /home/tom/.cpan/lib/perl5/5.10.0/i486-linux-gnu-thread-multi /home/tom/.cpan /home/tom/.cpan/lib /home/tom/.cpan/lib/perl5/5.10.1/x86_64-linux-gnu-thread-multi /home/tom/.cpan/lib/perl5/5.10.1 /home/tom/.cpan/lib/perl5/x86_64-linux-gnu-thread-multi /home/tom/.cpan/lib/perl5 /home/tom/.cpan/lib/perl5/site_perl/5.10.1/x86_64-linux-gnu-thread-multi /home/tom/.cpan/lib/perl5/site_perl/5.10.1 /home/tom/.cpan/lib/perl5/site_perl /home/tom/.cpan/lib/perl5/5.10.0/i486-linux-gnu-thread-multi /etc/perl /usr/local/lib/perl/5.10.1 /usr/local/share/perl/5.10.1 /usr/lib/perl5 /usr/share/perl5 /usr/lib/perl/5.10 /usr/share/perl/5.10 /usr/local/lib/site_perl .) at /home/tom/.cpan/lib/perl5/Module/Load.pm line 27.
Can't locate Entity/Article/Tag in @INC (@INC contains: lib /home/tom/.cpan /home/tom/.cpan/lib /home/tom/.cpan/lib/perl5/5.10.1/x86_64-linux-gnu-thread-multi /home/tom/.cpan/lib/perl5/5.10.1 /home/tom/.cpan/lib/perl5/x86_64-linux-gnu-thread-multi /home/tom/.cpan/lib/perl5 /home/tom/.cpan/lib/perl5/site_perl/5.10.1/x86_64-linux-gnu-thread-multi /home/tom/.cpan/lib/perl5/site_perl/5.10.1 /home/tom/.cpan/lib/perl5/site_perl /home/tom/.cpan/lib/perl5/5.10.0/i486-linux-gnu-thread-multi /home/tom/.cpan /home/tom/.cpan/lib /home/tom/.cpan/lib/perl5/5.10.1/x86_64-linux-gnu-thread-multi /home/tom/.cpan/lib/perl5/5.10.1 /home/tom/.cpan/lib/perl5/x86_64-linux-gnu-thread-multi /home/tom/.cpan/lib/perl5 /home/tom/.cpan/lib/perl5/site_perl/5.10.1/x86_64-linux-gnu-thread-multi /home/tom/.cpan/lib/perl5/site_perl/5.10.1 /home/tom/.cpan/lib/perl5/site_perl /home/tom/.cpan/lib/perl5/5.10.0/i486-linux-gnu-thread-multi /etc/perl /usr/local/lib/perl/5.10.1 /usr/local/share/perl/5.10.1 /usr/lib/perl5 /usr/share/perl5 /usr/lib/perl/5.10 /usr/share/perl/5.10 /usr/local/lib/site_perl .) at /home/tom/.cpan/lib/perl5/Module/Load.pm line 27.
]
2011-02-06 06:38:32.284 ERROR    lib/EntityModel/Support/Perl/Base.pm:315 {
  _callback => {},
  email => "author\@example.com",
  idauthor => 1,
  name => "Author name",
}
2011-02-06 06:38:32.286 ERROR    lib/EntityModel/Support/Perl/Base.pm:315 {
  _callback => {},
  email => "author\@example.com",
  idauthor => 1,
  name => "Author name",
}
2011-02-06 06:38:32.288 ERROR    lib/EntityModel/Support/Perl/Base.pm:315 {
  _callback => {},
  content   => "Some content would be here",
  idarticle => 1,
  idauthor  => 1,
  title     => "Article title",
}
2011-02-06 06:38:32.319 ERROR    lib/EntityModel/Support/Perl/Base.pm:315 {
  _callback => {},
  content   => "Some content would be here",
  idarticle => 1,
  idauthor  => 1,
  title     => "Article title",
}
2011-02-06 06:41:21.205 Info     lib/EntityModel/Storage/Perl.pm:88 article has 1 unsatisfied deps, postponing: author
2011-02-06 06:41:21.211 Info     lib/EntityModel/Storage/Perl.pm:88 article_tag has 1 unsatisfied deps, postponing: article
2011-02-06 06:41:21.291 Info     lib/EntityModel/Support.pm:60 article has 1 unsatisfied deps, postponing: author
2011-02-06 06:41:21.291 Info     lib/EntityModel/Support/Perl.pm:262 Load package for [Entity::Author]
2011-02-06 06:41:21.292 Info     lib/EntityModel/Support/Perl.pm:272 Failed: [Can't locate Entity/Author.pm in @INC (@INC contains: lib /home/tom/.cpan /home/tom/.cpan/lib /home/tom/.cpan/lib/perl5/5.10.1/x86_64-linux-gnu-thread-multi /home/tom/.cpan/lib/perl5/5.10.1 /home/tom/.cpan/lib/perl5/x86_64-linux-gnu-thread-multi /home/tom/.cpan/lib/perl5 /home/tom/.cpan/lib/perl5/site_perl/5.10.1/x86_64-linux-gnu-thread-multi /home/tom/.cpan/lib/perl5/site_perl/5.10.1 /home/tom/.cpan/lib/perl5/site_perl /home/tom/.cpan/lib/perl5/5.10.0/i486-linux-gnu-thread-multi /home/tom/.cpan /home/tom/.cpan/lib /home/tom/.cpan/lib/perl5/5.10.1/x86_64-linux-gnu-thread-multi /home/tom/.cpan/lib/perl5/5.10.1 /home/tom/.cpan/lib/perl5/x86_64-linux-gnu-thread-multi /home/tom/.cpan/lib/perl5 /home/tom/.cpan/lib/perl5/site_perl/5.10.1/x86_64-linux-gnu-thread-multi /home/tom/.cpan/lib/perl5/site_perl/5.10.1 /home/tom/.cpan/lib/perl5/site_perl /home/tom/.cpan/lib/perl5/5.10.0/i486-linux-gnu-thread-multi /etc/perl /usr/local/lib/perl/5.10.1 /usr/local/share/perl/5.10.1 /usr/lib/perl5 /usr/share/perl5 /usr/lib/perl/5.10 /usr/share/perl/5.10 /usr/local/lib/site_perl .) at /home/tom/.cpan/lib/perl5/Module/Load.pm line 27.
Can't locate Entity/Author in @INC (@INC contains: lib /home/tom/.cpan /home/tom/.cpan/lib /home/tom/.cpan/lib/perl5/5.10.1/x86_64-linux-gnu-thread-multi /home/tom/.cpan/lib/perl5/5.10.1 /home/tom/.cpan/lib/perl5/x86_64-linux-gnu-thread-multi /home/tom/.cpan/lib/perl5 /home/tom/.cpan/lib/perl5/site_perl/5.10.1/x86_64-linux-gnu-thread-multi /home/tom/.cpan/lib/perl5/site_perl/5.10.1 /home/tom/.cpan/lib/perl5/site_perl /home/tom/.cpan/lib/perl5/5.10.0/i486-linux-gnu-thread-multi /home/tom/.cpan /home/tom/.cpan/lib /home/tom/.cpan/lib/perl5/5.10.1/x86_64-linux-gnu-thread-multi /home/tom/.cpan/lib/perl5/5.10.1 /home/tom/.cpan/lib/perl5/x86_64-linux-gnu-thread-multi /home/tom/.cpan/lib/perl5 /home/tom/.cpan/lib/perl5/site_perl/5.10.1/x86_64-linux-gnu-thread-multi /home/tom/.cpan/lib/perl5/site_perl/5.10.1 /home/tom/.cpan/lib/perl5/site_perl /home/tom/.cpan/lib/perl5/5.10.0/i486-linux-gnu-thread-multi /etc/perl /usr/local/lib/perl/5.10.1 /usr/local/share/perl/5.10.1 /usr/lib/perl5 /usr/share/perl5 /usr/lib/perl/5.10 /usr/share/perl/5.10 /usr/local/lib/site_perl .) at /home/tom/.cpan/lib/perl5/Module/Load.pm line 27.
]
2011-02-06 06:41:21.292 Info     lib/EntityModel/Support/Perl.pm:262 Load package for [Entity::Tag]
2011-02-06 06:41:21.293 Info     lib/EntityModel/Support/Perl.pm:272 Failed: [Can't locate Entity/Tag.pm in @INC (@INC contains: lib /home/tom/.cpan /home/tom/.cpan/lib /home/tom/.cpan/lib/perl5/5.10.1/x86_64-linux-gnu-thread-multi /home/tom/.cpan/lib/perl5/5.10.1 /home/tom/.cpan/lib/perl5/x86_64-linux-gnu-thread-multi /home/tom/.cpan/lib/perl5 /home/tom/.cpan/lib/perl5/site_perl/5.10.1/x86_64-linux-gnu-thread-multi /home/tom/.cpan/lib/perl5/site_perl/5.10.1 /home/tom/.cpan/lib/perl5/site_perl /home/tom/.cpan/lib/perl5/5.10.0/i486-linux-gnu-thread-multi /home/tom/.cpan /home/tom/.cpan/lib /home/tom/.cpan/lib/perl5/5.10.1/x86_64-linux-gnu-thread-multi /home/tom/.cpan/lib/perl5/5.10.1 /home/tom/.cpan/lib/perl5/x86_64-linux-gnu-thread-multi /home/tom/.cpan/lib/perl5 /home/tom/.cpan/lib/perl5/site_perl/5.10.1/x86_64-linux-gnu-thread-multi /home/tom/.cpan/lib/perl5/site_perl/5.10.1 /home/tom/.cpan/lib/perl5/site_perl /home/tom/.cpan/lib/perl5/5.10.0/i486-linux-gnu-thread-multi /etc/perl /usr/local/lib/perl/5.10.1 /usr/local/share/perl/5.10.1 /usr/lib/perl5 /usr/share/perl5 /usr/lib/perl/5.10 /usr/share/perl/5.10 /usr/local/lib/site_perl .) at /home/tom/.cpan/lib/perl5/Module/Load.pm line 27.
Can't locate Entity/Tag in @INC (@INC contains: lib /home/tom/.cpan /home/tom/.cpan/lib /home/tom/.cpan/lib/perl5/5.10.1/x86_64-linux-gnu-thread-multi /home/tom/.cpan/lib/perl5/5.10.1 /home/tom/.cpan/lib/perl5/x86_64-linux-gnu-thread-multi /home/tom/.cpan/lib/perl5 /home/tom/.cpan/lib/perl5/site_perl/5.10.1/x86_64-linux-gnu-thread-multi /home/tom/.cpan/lib/perl5/site_perl/5.10.1 /home/tom/.cpan/lib/perl5/site_perl /home/tom/.cpan/lib/perl5/5.10.0/i486-linux-gnu-thread-multi /home/tom/.cpan /home/tom/.cpan/lib /home/tom/.cpan/lib/perl5/5.10.1/x86_64-linux-gnu-thread-multi /home/tom/.cpan/lib/perl5/5.10.1 /home/tom/.cpan/lib/perl5/x86_64-linux-gnu-thread-multi /home/tom/.cpan/lib/perl5 /home/tom/.cpan/lib/perl5/site_perl/5.10.1/x86_64-linux-gnu-thread-multi /home/tom/.cpan/lib/perl5/site_perl/5.10.1 /home/tom/.cpan/lib/perl5/site_perl /home/tom/.cpan/lib/perl5/5.10.0/i486-linux-gnu-thread-multi /etc/perl /usr/local/lib/perl/5.10.1 /usr/local/share/perl/5.10.1 /usr/lib/perl5 /usr/share/perl5 /usr/lib/perl/5.10 /usr/share/perl/5.10 /usr/local/lib/site_perl .) at /home/tom/.cpan/lib/perl5/Module/Load.pm line 27.
]
2011-02-06 06:41:21.293 Info     lib/EntityModel/Support.pm:60 article_tag has 1 unsatisfied deps, postponing: article
2011-02-06 06:41:21.293 Info     lib/EntityModel/Support/Perl.pm:262 Load package for [Entity::Article]
2011-02-06 06:41:21.293 Info     lib/EntityModel/Support/Perl.pm:272 Failed: [Can't locate Entity/Article.pm in @INC (@INC contains: lib /home/tom/.cpan /home/tom/.cpan/lib /home/tom/.cpan/lib/perl5/5.10.1/x86_64-linux-gnu-thread-multi /home/tom/.cpan/lib/perl5/5.10.1 /home/tom/.cpan/lib/perl5/x86_64-linux-gnu-thread-multi /home/tom/.cpan/lib/perl5 /home/tom/.cpan/lib/perl5/site_perl/5.10.1/x86_64-linux-gnu-thread-multi /home/tom/.cpan/lib/perl5/site_perl/5.10.1 /home/tom/.cpan/lib/perl5/site_perl /home/tom/.cpan/lib/perl5/5.10.0/i486-linux-gnu-thread-multi /home/tom/.cpan /home/tom/.cpan/lib /home/tom/.cpan/lib/perl5/5.10.1/x86_64-linux-gnu-thread-multi /home/tom/.cpan/lib/perl5/5.10.1 /home/tom/.cpan/lib/perl5/x86_64-linux-gnu-thread-multi /home/tom/.cpan/lib/perl5 /home/tom/.cpan/lib/perl5/site_perl/5.10.1/x86_64-linux-gnu-thread-multi /home/tom/.cpan/lib/perl5/site_perl/5.10.1 /home/tom/.cpan/lib/perl5/site_perl /home/tom/.cpan/lib/perl5/5.10.0/i486-linux-gnu-thread-multi /etc/perl /usr/local/lib/perl/5.10.1 /usr/local/share/perl/5.10.1 /usr/lib/perl5 /usr/share/perl5 /usr/lib/perl/5.10 /usr/share/perl/5.10 /usr/local/lib/site_perl .) at /home/tom/.cpan/lib/perl5/Module/Load.pm line 27.
Can't locate Entity/Article in @INC (@INC contains: lib /home/tom/.cpan /home/tom/.cpan/lib /home/tom/.cpan/lib/perl5/5.10.1/x86_64-linux-gnu-thread-multi /home/tom/.cpan/lib/perl5/5.10.1 /home/tom/.cpan/lib/perl5/x86_64-linux-gnu-thread-multi /home/tom/.cpan/lib/perl5 /home/tom/.cpan/lib/perl5/site_perl/5.10.1/x86_64-linux-gnu-thread-multi /home/tom/.cpan/lib/perl5/site_perl/5.10.1 /home/tom/.cpan/lib/perl5/site_perl /home/tom/.cpan/lib/perl5/5.10.0/i486-linux-gnu-thread-multi /home/tom/.cpan /home/tom/.cpan/lib /home/tom/.cpan/lib/perl5/5.10.1/x86_64-linux-gnu-thread-multi /home/tom/.cpan/lib/perl5/5.10.1 /home/tom/.cpan/lib/perl5/x86_64-linux-gnu-thread-multi /home/tom/.cpan/lib/perl5 /home/tom/.cpan/lib/perl5/site_perl/5.10.1/x86_64-linux-gnu-thread-multi /home/tom/.cpan/lib/perl5/site_perl/5.10.1 /home/tom/.cpan/lib/perl5/site_perl /home/tom/.cpan/lib/perl5/5.10.0/i486-linux-gnu-thread-multi /etc/perl /usr/local/lib/perl/5.10.1 /usr/local/share/perl/5.10.1 /usr/lib/perl5 /usr/share/perl5 /usr/lib/perl/5.10 /usr/share/perl/5.10 /usr/local/lib/site_perl .) at /home/tom/.cpan/lib/perl5/Module/Load.pm line 27.
]
2011-02-06 06:41:21.294 Info     lib/EntityModel/Support/Perl.pm:262 Load package for [Entity::Article::Tag]
2011-02-06 06:41:21.294 Info     lib/EntityModel/Support/Perl.pm:272 Failed: [Can't locate Entity/Article/Tag.pm in @INC (@INC contains: lib /home/tom/.cpan /home/tom/.cpan/lib /home/tom/.cpan/lib/perl5/5.10.1/x86_64-linux-gnu-thread-multi /home/tom/.cpan/lib/perl5/5.10.1 /home/tom/.cpan/lib/perl5/x86_64-linux-gnu-thread-multi /home/tom/.cpan/lib/perl5 /home/tom/.cpan/lib/perl5/site_perl/5.10.1/x86_64-linux-gnu-thread-multi /home/tom/.cpan/lib/perl5/site_perl/5.10.1 /home/tom/.cpan/lib/perl5/site_perl /home/tom/.cpan/lib/perl5/5.10.0/i486-linux-gnu-thread-multi /home/tom/.cpan /home/tom/.cpan/lib /home/tom/.cpan/lib/perl5/5.10.1/x86_64-linux-gnu-thread-multi /home/tom/.cpan/lib/perl5/5.10.1 /home/tom/.cpan/lib/perl5/x86_64-linux-gnu-thread-multi /home/tom/.cpan/lib/perl5 /home/tom/.cpan/lib/perl5/site_perl/5.10.1/x86_64-linux-gnu-thread-multi /home/tom/.cpan/lib/perl5/site_perl/5.10.1 /home/tom/.cpan/lib/perl5/site_perl /home/tom/.cpan/lib/perl5/5.10.0/i486-linux-gnu-thread-multi /etc/perl /usr/local/lib/perl/5.10.1 /usr/local/share/perl/5.10.1 /usr/lib/perl5 /usr/share/perl5 /usr/lib/perl/5.10 /usr/share/perl/5.10 /usr/local/lib/site_perl .) at /home/tom/.cpan/lib/perl5/Module/Load.pm line 27.
Can't locate Entity/Article/Tag in @INC (@INC contains: lib /home/tom/.cpan /home/tom/.cpan/lib /home/tom/.cpan/lib/perl5/5.10.1/x86_64-linux-gnu-thread-multi /home/tom/.cpan/lib/perl5/5.10.1 /home/tom/.cpan/lib/perl5/x86_64-linux-gnu-thread-multi /home/tom/.cpan/lib/perl5 /home/tom/.cpan/lib/perl5/site_perl/5.10.1/x86_64-linux-gnu-thread-multi /home/tom/.cpan/lib/perl5/site_perl/5.10.1 /home/tom/.cpan/lib/perl5/site_perl /home/tom/.cpan/lib/perl5/5.10.0/i486-linux-gnu-thread-multi /home/tom/.cpan /home/tom/.cpan/lib /home/tom/.cpan/lib/perl5/5.10.1/x86_64-linux-gnu-thread-multi /home/tom/.cpan/lib/perl5/5.10.1 /home/tom/.cpan/lib/perl5/x86_64-linux-gnu-thread-multi /home/tom/.cpan/lib/perl5 /home/tom/.cpan/lib/perl5/site_perl/5.10.1/x86_64-linux-gnu-thread-multi /home/tom/.cpan/lib/perl5/site_perl/5.10.1 /home/tom/.cpan/lib/perl5/site_perl /home/tom/.cpan/lib/perl5/5.10.0/i486-linux-gnu-thread-multi /etc/perl /usr/local/lib/perl/5.10.1 /usr/local/share/perl/5.10.1 /usr/lib/perl5 /usr/share/perl5 /usr/lib/perl/5.10 /usr/share/perl/5.10 /usr/local/lib/site_perl .) at /home/tom/.cpan/lib/perl5/Module/Load.pm line 27.
]
2011-02-06 06:41:21.316 ERROR    lib/EntityModel/Support/Perl/Base.pm:315 {
  _callback => {},
  email => "author\@example.com",
  idauthor => 1,
  name => "Author name",
}
2011-02-06 06:41:21.318 ERROR    lib/EntityModel/Support/Perl/Base.pm:315 {
  _callback => {},
  email => "author\@example.com",
  idauthor => 1,
  name => "Author name",
}
2011-02-06 06:41:21.320 ERROR    lib/EntityModel/Support/Perl/Base.pm:315 {
  _callback => {},
  content   => "Some content would be here",
  idarticle => 1,
  idauthor  => 1,
  title     => "Article title",
}
2011-02-06 06:41:21.351 ERROR    lib/EntityModel/Support/Perl/Base.pm:315 {
  _callback => {},
  content   => "Some content would be here",
  idarticle => 1,
  idauthor  => 1,
  title     => "Article title",
}
